#
# A fatal error has been detected by the Java Runtime Environment:
#
#  EXCEPTION_ACCESS_VIOLATION (0xc0000005) at pc=0x000000006a4fa515, pid=17096, tid=0x0000000000004328
#
# JRE version: Java(TM) SE Runtime Environment (8.0_191-b12) (build 1.8.0_191-b12)
# Java VM: Java HotSpot(TM) 64-Bit Server VM (25.191-b12 mixed mode windows-amd64 compressed oops)
# Problematic frame:
# V  [jvm.dll+0x51a515]
#
# Failed to write core dump. Minidumps are not enabled by default on client versions of Windows
#
# If you would like to submit a bug report, please visit:
#   http://bugreport.java.com/bugreport/crash.jsp
#

---------------  T H R E A D  ---------------

Current thread (0x0000000018da9000):  JavaThread "C2 CompilerThread0" daemon [_thread_in_native, id=17192, stack(0x00000000196e0000,0x00000000197e0000)]

siginfo: ExceptionCode=0xc0000005, reading address 0x00000000eec49550

Registers:
RAX=0x000000001a8b5828, RBX=0x0000000000000000, RCX=0x000000001a69d410, RDX=0x00000000000026d8
RSP=0x00000000197dc2d0, RBP=0x00000000197dc3d0, RSI=0x00000000000002fa, RDI=0x0000000019e5e1a0
R8 =0x00000000000026d8, R9 =0x0000000000000002, R10=0x0000000019be4290, R11=0x0000000000000369
R12=0x000000001a8b5828, R13=0x0000000019be42a8, R14=0x0000000000000000, R15=0x00000000197dc9c0
RIP=0x000000006a4fa515, EFLAGS=0x0000000000010206

Top of Stack: (sp=0x00000000197dc2d0)
0x00000000197dc2d0:   0000000000000000 00000000000002fa
0x00000000197dc2e0:   00000000197dc3d0 0000000000000024
0x00000000197dc2f0:   0000000000000002 00000000000025a8
0x00000000197dc300:   0000000000000001 0000000019ecd200
0x00000000197dc310:   00000000197dc4b0 0000000000000099
0x00000000197dc320:   0000000000000008 0000000018e2ed08
0x00000000197dc330:   0000000000000005 0000000000000005
0x00000000197dc340:   000000006a804590 000000050000015f
0x00000000197dc350:   000010c400000000 00000000197dc6a0
0x00000000197dc360:   000000000000000f 0000000019169fa0
0x00000000197dc370:   0000000000000000 000010c40000015f
0x00000000197dc380:   00000000197dc6a0 000000000000000f
0x00000000197dc390:   0000000018fd4c10 0000000000000f7e
0x00000000197dc3a0:   000000001b9a43c0 0000000018d5d7b0
0x00000000197dc3b0:   0000000000000047 00000000000003d8
0x00000000197dc3c0:   0000000018d5db88 0000000018d5d7a0 

Instructions: (pc=0x000000006a4fa515)
0x000000006a4fa4f5:   89 a5 98 02 00 00 48 89 bd 80 00 00 00 e8 b9 f1
0x000000006a4fa505:   f4 ff 48 8b 8d 88 00 00 00 44 8b 5f 4c 41 8b c4
0x000000006a4fa515:   48 8b 14 c1 48 89 45 38 41 8b c3 c1 e8 05 3b 42
0x000000006a4fa525:   10 0f 82 b0 01 00 00 41 8b ce e9 c4 01 00 00 e8 


Register to memory mapping:

RAX=0x000000001a8b5828 is an unknown value
RBX=0x0000000000000000 is an unknown value
RCX=0x000000001a69d410 is an unknown value
RDX=0x00000000000026d8 is an unknown value
RSP=0x00000000197dc2d0 is pointing into the stack for thread: 0x0000000018da9000
RBP=0x00000000197dc3d0 is pointing into the stack for thread: 0x0000000018da9000
RSI=0x00000000000002fa is an unknown value
RDI=0x0000000019e5e1a0 is an unknown value
R8 =0x00000000000026d8 is an unknown value
R9 =0x0000000000000002 is an unknown value
R10=0x0000000019be4290 is an unknown value
R11=0x0000000000000369 is an unknown value
R12=0x000000001a8b5828 is an unknown value
R13=0x0000000019be42a8 is an unknown value
R14=0x0000000000000000 is an unknown value
R15=0x00000000197dc9c0 is pointing into the stack for thread: 0x0000000018da9000


Stack: [0x00000000196e0000,0x00000000197e0000],  sp=0x00000000197dc2d0,  free space=1008k
Native frames: (J=compiled Java code, j=interpreted, Vv=VM code, C=native code)
V  [jvm.dll+0x51a515]
V  [jvm.dll+0x46ba46]
V  [jvm.dll+0x47703b]
V  [jvm.dll+0x479947]
V  [jvm.dll+0x45c162]
V  [jvm.dll+0xa6c82]
V  [jvm.dll+0xa75cf]
V  [jvm.dll+0x2461df]
V  [jvm.dll+0x29eb9a]
C  [msvcr100.dll+0x21d9f]
C  [msvcr100.dll+0x21e3b]
C  [KERNEL32.DLL+0x13034]
C  [ntdll.dll+0x73691]


Current CompileTask:
C2:   6166 2014       4       org.jacoco.agent.rt.internal_c13123e.asm.ClassReader::readMethod (1126 bytes)


---------------  P R O C E S S  ---------------

Java Threads: ( => current thread )
  0x000000001b914000 JavaThread "Okio Watchdog" daemon [_thread_blocked, id=16684, stack(0x000000001e050000,0x000000001e150000)]
  0x000000001b703800 JavaThread "OkHttp ConnectionPool" daemon [_thread_blocked, id=16676, stack(0x000000001dc30000,0x000000001dd30000)]
  0x0000000019fcd800 JavaThread "Keep-Alive-Timer" daemon [_thread_blocked, id=16692, stack(0x000000001c7d0000,0x000000001c8d0000)]
  0x000000001a5d4000 JavaThread "Exec Stream Pumper" daemon [_thread_in_native, id=15732, stack(0x000000001c6d0000,0x000000001c7d0000)]
  0x000000001b145000 JavaThread "Exec Stream Pumper" daemon [_thread_in_native, id=17140, stack(0x000000001c5d0000,0x000000001c6d0000)]
  0x000000001b2ae000 JavaThread "UrlChecker-2" daemon [_thread_blocked, id=16976, stack(0x000000001c4d0000,0x000000001c5d0000)]
  0x000000001b927800 JavaThread "Exec Default Executor" daemon [_thread_in_native, id=16956, stack(0x000000001bf80000,0x000000001c080000)]
  0x0000000019f25800 JavaThread "ReaderThread" [_thread_in_native, id=16968, stack(0x000000001acb0000,0x000000001adb0000)]
  0x0000000018d9f800 JavaThread "Service Thread" daemon [_thread_blocked, id=16944, stack(0x00000000199e0000,0x0000000019ae0000)]
  0x0000000018daa000 JavaThread "C1 CompilerThread2" daemon [_thread_blocked, id=16928, stack(0x00000000198e0000,0x00000000199e0000)]
  0x0000000018d15800 JavaThread "C2 CompilerThread1" daemon [_thread_blocked, id=16840, stack(0x00000000197e0000,0x00000000198e0000)]
=>0x0000000018da9000 JavaThread "C2 CompilerThread0" daemon [_thread_in_native, id=17192, stack(0x00000000196e0000,0x00000000197e0000)]
  0x0000000018c9c800 JavaThread "org.jacoco.agent.rt.internal_c13123e.output.TcpClientOutput" daemon [_thread_in_native, id=17396, stack(0x00000000195e0000,0x00000000196e0000)]
  0x000000001715e800 JavaThread "Attach Listener" daemon [_thread_blocked, id=15832, stack(0x00000000185a0000,0x00000000186a0000)]
  0x000000001715d800 JavaThread "Signal Dispatcher" daemon [_thread_blocked, id=13064, stack(0x00000000184a0000,0x00000000185a0000)]
  0x000000001713f800 JavaThread "Finalizer" daemon [_thread_blocked, id=17376, stack(0x00000000183a0000,0x00000000184a0000)]
  0x0000000002d89800 JavaThread "Reference Handler" daemon [_thread_blocked, id=16396, stack(0x00000000182a0000,0x00000000183a0000)]
  0x0000000002c8e800 JavaThread "Forwarding maximizeCurrentWindow on session eef670c81c9fc59cb25d579f8c796342 to remote" [_thread_in_native, id=17384, stack(0x0000000002b80000,0x0000000002c80000)]

Other Threads:
  0x0000000017119000 VMThread [stack: 0x00000000181a0000,0x00000000182a0000] [id=16388]
  0x0000000018dba800 WatcherThread [stack: 0x0000000019ae0000,0x0000000019be0000] [id=16984]

VM state:not at safepoint (normal execution)

VM Mutex/Monitor currently owned by a thread: None

Heap:
 PSYoungGen      total 118784K, used 10121K [0x00000000daf00000, 0x00000000e2d00000, 0x0000000100000000)
  eden space 113152K, 3% used [0x00000000daf00000,0x00000000db366410,0x00000000e1d80000)
  from space 5632K, 99% used [0x00000000e2480000,0x00000000e29fc080,0x00000000e2a00000)
  to   space 7168K, 0% used [0x00000000e1d80000,0x00000000e1d80000,0x00000000e2480000)
 ParOldGen       total 76800K, used 2376K [0x0000000090c00000, 0x0000000095700000, 0x00000000daf00000)
  object space 76800K, 3% used [0x0000000090c00000,0x0000000090e522c0,0x0000000095700000)
 Metaspace       used 18939K, capacity 19338K, committed 19584K, reserved 1067008K
  class space    used 2194K, capacity 2365K, committed 2432K, reserved 1048576K

Card table byte_map: [0x00000000122b0000,0x0000000012630000] byte_map_base: 0x0000000011e2a000

Marking Bits: (ParMarkBitMap*) 0x000000006a803e30
 Begin Bits: [0x0000000012c90000, 0x0000000014860000)
 End Bits:   [0x0000000014860000, 0x0000000016430000)

Polling page: 0x0000000001050000

CodeCache: size=245760Kb used=7509Kb max_used=7533Kb free=238250Kb
 bounds [0x0000000002ef0000, 0x0000000003660000, 0x0000000011ef0000]
 total_blobs=2474 nmethods=2062 adapters=325
 compilation: enabled

Compilation events (10 events):
Event: 5.891 Thread 0x0000000018daa000 nmethod 2078 0x0000000003639250 code [0x0000000003639420, 0x0000000003639df8]
Event: 5.924 Thread 0x0000000018d15800 nmethod 2024 0x000000000363df90 code [0x000000000363e360, 0x0000000003641420]
Event: 5.924 Thread 0x0000000018d15800 2044       4       org.jacoco.agent.rt.internal_c13123e.asm.tree.MethodNode::accept (916 bytes)
Event: 6.052 Thread 0x0000000018d15800 nmethod 2044 0x000000000364a150 code [0x000000000364a600, 0x000000000364de40]
Event: 6.053 Thread 0x0000000018d15800 2054       4       java.util.AbstractCollection::<init> (5 bytes)
Event: 6.053 Thread 0x0000000018d15800 nmethod 2054 0x000000000363b150 code [0x000000000363b280, 0x000000000363b2d8]
Event: 6.053 Thread 0x0000000018d15800 2025       4       java.util.HashMap::isEmpty (13 bytes)
Event: 6.053 Thread 0x0000000018d15800 nmethod 2025 0x000000000363af50 code [0x000000000363b080, 0x000000000363b0f8]
Event: 6.053 Thread 0x0000000018d15800 2039       4       java.lang.String::toCharArray (25 bytes)
Event: 6.055 Thread 0x0000000018d15800 nmethod 2039 0x000000000363ac10 code [0x000000000363ad60, 0x000000000363ae78]

GC Heap History (10 events):
Event: 1.655 GC heap before
{Heap before GC invocations=2 (full 0):
 PSYoungGen      total 33280K, used 31512K [0x00000000daf00000, 0x00000000dd400000, 0x0000000100000000)
  eden space 28672K, 100% used [0x00000000daf00000,0x00000000dcb00000,0x00000000dcb00000)
  from space 4608K, 61% used [0x00000000dcb00000,0x00000000dcdc6098,0x00000000dcf80000)
  to   space 4608K, 0% used [0x00000000dcf80000,0x00000000dcf80000,0x00000000dd400000)
 ParOldGen       total 76800K, used 8K [0x0000000090c00000, 0x0000000095700000, 0x00000000daf00000)
  object space 76800K, 0% used [0x0000000090c00000,0x0000000090c02000,0x0000000095700000)
 Metaspace       used 9439K, capacity 9500K, committed 9600K, reserved 1058816K
  class space    used 1051K, capacity 1074K, committed 1152K, reserved 1048576K
Event: 1.661 GC heap after
Heap after GC invocations=2 (full 0):
 PSYoungGen      total 33280K, used 2900K [0x00000000daf00000, 0x00000000dd400000, 0x0000000100000000)
  eden space 28672K, 0% used [0x00000000daf00000,0x00000000daf00000,0x00000000dcb00000)
  from space 4608K, 62% used [0x00000000dcf80000,0x00000000dd2552c8,0x00000000dd400000)
  to   space 4608K, 0% used [0x00000000dcb00000,0x00000000dcb00000,0x00000000dcf80000)
 ParOldGen       total 76800K, used 80K [0x0000000090c00000, 0x0000000095700000, 0x00000000daf00000)
  object space 76800K, 0% used [0x0000000090c00000,0x0000000090c14010,0x0000000095700000)
 Metaspace       used 9439K, capacity 9500K, committed 9600K, reserved 1058816K
  class space    used 1051K, capacity 1074K, committed 1152K, reserved 1048576K
}
Event: 1.898 GC heap before
{Heap before GC invocations=3 (full 0):
 PSYoungGen      total 33280K, used 31572K [0x00000000daf00000, 0x00000000dd400000, 0x0000000100000000)
  eden space 28672K, 100% used [0x00000000daf00000,0x00000000dcb00000,0x00000000dcb00000)
  from space 4608K, 62% used [0x00000000dcf80000,0x00000000dd2552c8,0x00000000dd400000)
  to   space 4608K, 0% used [0x00000000dcb00000,0x00000000dcb00000,0x00000000dcf80000)
 ParOldGen       total 76800K, used 80K [0x0000000090c00000, 0x0000000095700000, 0x00000000daf00000)
  object space 76800K, 0% used [0x0000000090c00000,0x0000000090c14010,0x0000000095700000)
 Metaspace       used 10534K, capacity 10652K, committed 10752K, reserved 1058816K
  class space    used 1164K, capacity 1202K, committed 1280K, reserved 1048576K
Event: 1.903 GC heap after
Heap after GC invocations=3 (full 0):
 PSYoungGen      total 33280K, used 3069K [0x00000000daf00000, 0x00000000df000000, 0x0000000100000000)
  eden space 28672K, 0% used [0x00000000daf00000,0x00000000daf00000,0x00000000dcb00000)
  from space 4608K, 66% used [0x00000000dcb00000,0x00000000dcdff6d8,0x00000000dcf80000)
  to   space 4608K, 0% used [0x00000000deb80000,0x00000000deb80000,0x00000000df000000)
 ParOldGen       total 76800K, used 88K [0x0000000090c00000, 0x0000000095700000, 0x00000000daf00000)
  object space 76800K, 0% used [0x0000000090c00000,0x0000000090c16010,0x0000000095700000)
 Metaspace       used 10534K, capacity 10652K, committed 10752K, reserved 1058816K
  class space    used 1164K, capacity 1202K, committed 1280K, reserved 1048576K
}
Event: 2.171 GC heap before
{Heap before GC invocations=4 (full 0):
 PSYoungGen      total 33280K, used 31741K [0x00000000daf00000, 0x00000000df000000, 0x0000000100000000)
  eden space 28672K, 100% used [0x00000000daf00000,0x00000000dcb00000,0x00000000dcb00000)
  from space 4608K, 66% used [0x00000000dcb00000,0x00000000dcdff6d8,0x00000000dcf80000)
  to   space 4608K, 0% used [0x00000000deb80000,0x00000000deb80000,0x00000000df000000)
 ParOldGen       total 76800K, used 88K [0x0000000090c00000, 0x0000000095700000, 0x00000000daf00000)
  object space 76800K, 0% used [0x0000000090c00000,0x0000000090c16010,0x0000000095700000)
 Metaspace       used 12199K, capacity 12316K, committed 12416K, reserved 1060864K
  class space    used 1357K, capacity 1394K, committed 1408K, reserved 1048576K
Event: 2.178 GC heap after
Heap after GC invocations=4 (full 0):
 PSYoungGen      total 61952K, used 3806K [0x00000000daf00000, 0x00000000df000000, 0x0000000100000000)
  eden space 57344K, 0% used [0x00000000daf00000,0x00000000daf00000,0x00000000de700000)
  from space 4608K, 82% used [0x00000000deb80000,0x00000000def37aa0,0x00000000df000000)
  to   space 4608K, 0% used [0x00000000de700000,0x00000000de700000,0x00000000deb80000)
 ParOldGen       total 76800K, used 96K [0x0000000090c00000, 0x0000000095700000, 0x00000000daf00000)
  object space 76800K, 0% used [0x0000000090c00000,0x0000000090c18010,0x0000000095700000)
 Metaspace       used 12199K, capacity 12316K, committed 12416K, reserved 1060864K
  class space    used 1357K, capacity 1394K, committed 1408K, reserved 1048576K
}
Event: 3.423 GC heap before
{Heap before GC invocations=5 (full 0):
 PSYoungGen      total 61952K, used 61150K [0x00000000daf00000, 0x00000000df000000, 0x0000000100000000)
  eden space 57344K, 100% used [0x00000000daf00000,0x00000000de700000,0x00000000de700000)
  from space 4608K, 82% used [0x00000000deb80000,0x00000000def37aa0,0x00000000df000000)
  to   space 4608K, 0% used [0x00000000de700000,0x00000000de700000,0x00000000deb80000)
 ParOldGen       total 76800K, used 96K [0x0000000090c00000, 0x0000000095700000, 0x00000000daf00000)
  object space 76800K, 0% used [0x0000000090c00000,0x0000000090c18010,0x0000000095700000)
 Metaspace       used 15851K, capacity 16082K, committed 16256K, reserved 1062912K
  class space    used 1780K, capacity 1875K, committed 1920K, reserved 1048576K
Event: 3.434 GC heap after
Heap after GC invocations=5 (full 0):
 PSYoungGen      total 61952K, used 4583K [0x00000000daf00000, 0x00000000e2a00000, 0x0000000100000000)
  eden space 57344K, 0% used [0x00000000daf00000,0x00000000daf00000,0x00000000de700000)
  from space 4608K, 99% used [0x00000000de700000,0x00000000deb79e50,0x00000000deb80000)
  to   space 5632K, 0% used [0x00000000e2480000,0x00000000e2480000,0x00000000e2a00000)
 ParOldGen       total 76800K, used 1357K [0x0000000090c00000, 0x0000000095700000, 0x00000000daf00000)
  object space 76800K, 1% used [0x0000000090c00000,0x0000000090d53480,0x0000000095700000)
 Metaspace       used 15851K, capacity 16082K, committed 16256K, reserved 1062912K
  class space    used 1780K, capacity 1875K, committed 1920K, reserved 1048576K
}
Event: 5.823 GC heap before
{Heap before GC invocations=6 (full 0):
 PSYoungGen      total 61952K, used 61927K [0x00000000daf00000, 0x00000000e2a00000, 0x0000000100000000)
  eden space 57344K, 100% used [0x00000000daf00000,0x00000000de700000,0x00000000de700000)
  from space 4608K, 99% used [0x00000000de700000,0x00000000deb79e50,0x00000000deb80000)
  to   space 5632K, 0% used [0x00000000e2480000,0x00000000e2480000,0x00000000e2a00000)
 ParOldGen       total 76800K, used 1357K [0x0000000090c00000, 0x0000000095700000, 0x00000000daf00000)
  object space 76800K, 1% used [0x0000000090c00000,0x0000000090d53480,0x0000000095700000)
 Metaspace       used 18742K, capacity 19178K, committed 19328K, reserved 1067008K
  class space    used 2172K, capacity 2333K, committed 2432K, reserved 1048576K
Event: 5.835 GC heap after
Heap after GC invocations=6 (full 0):
 PSYoungGen      total 118784K, used 5616K [0x00000000daf00000, 0x00000000e2d00000, 0x0000000100000000)
  eden space 113152K, 0% used [0x00000000daf00000,0x00000000daf00000,0x00000000e1d80000)
  from space 5632K, 99% used [0x00000000e2480000,0x00000000e29fc080,0x00000000e2a00000)
  to   space 7168K, 0% used [0x00000000e1d80000,0x00000000e1d80000,0x00000000e2480000)
 ParOldGen       total 76800K, used 2376K [0x0000000090c00000, 0x0000000095700000, 0x00000000daf00000)
  object space 76800K, 3% used [0x0000000090c00000,0x0000000090e522c0,0x0000000095700000)
 Metaspace       used 18742K, capacity 19178K, committed 19328K, reserved 1067008K
  class space    used 2172K, capacity 2333K, committed 2432K, reserved 1048576K
}

Deoptimization events (10 events):
Event: 2.496 Thread 0x0000000002c8e800 Uncommon trap: reason=class_check action=maybe_recompile pc=0x00000000031c6770 method=java.util.jar.JarFile.getJarEntry(Ljava/lang/String;)Ljava/util/jar/JarEntry; @ 2
Event: 2.496 Thread 0x0000000002c8e800 Uncommon trap: reason=class_check action=maybe_recompile pc=0x00000000031c6770 method=java.util.jar.JarFile.getJarEntry(Ljava/lang/String;)Ljava/util/jar/JarEntry; @ 2
Event: 2.496 Thread 0x0000000002c8e800 Uncommon trap: reason=class_check action=maybe_recompile pc=0x00000000031c6770 method=java.util.jar.JarFile.getJarEntry(Ljava/lang/String;)Ljava/util/jar/JarEntry; @ 2
Event: 2.497 Thread 0x0000000002c8e800 Uncommon trap: reason=class_check action=maybe_recompile pc=0x00000000031c6770 method=java.util.jar.JarFile.getJarEntry(Ljava/lang/String;)Ljava/util/jar/JarEntry; @ 2
Event: 2.693 Thread 0x0000000002c8e800 Uncommon trap: reason=unstable_if action=reinterpret pc=0x00000000030b4b20 method=java.lang.String.replace(CC)Ljava/lang/String; @ 2
Event: 3.594 Thread 0x0000000002c8e800 Uncommon trap: reason=unstable_if action=reinterpret pc=0x00000000033b4844 method=java.util.regex.Pattern$CharProperty.match(Ljava/util/regex/Matcher;ILjava/lang/CharSequence;)Z @ 21
Event: 3.807 Thread 0x0000000002c8e800 Uncommon trap: reason=speculate_class_check action=maybe_recompile pc=0x000000000352d52c method=java.util.ArrayList.<init>(Ljava/util/Collection;)V @ 36
Event: 3.807 Thread 0x0000000002c8e800 Uncommon trap: reason=speculate_class_check action=maybe_recompile pc=0x000000000352d52c method=java.util.ArrayList.<init>(Ljava/util/Collection;)V @ 36
Event: 5.881 Thread 0x0000000002c8e800 Uncommon trap: reason=speculate_class_check action=maybe_recompile pc=0x000000000352d52c method=java.util.ArrayList.<init>(Ljava/util/Collection;)V @ 36
Event: 5.881 Thread 0x0000000002c8e800 Uncommon trap: reason=speculate_class_check action=maybe_recompile pc=0x000000000352d52c method=java.util.ArrayList.<init>(Ljava/util/Collection;)V @ 36

Classes redefined (0 events):
No events

Internal exceptions (10 events):
Event: 5.806 Thread 0x0000000002c8e800 Exception <a 'java/lang/NullPointerException'> (0x00000000de4ddea0) thrown at [C:\re\workspace\8-2-build-windows-amd64-cygwin\jdk8u191\11896\hotspot\src\share\vm\runtime\sharedRuntime.cpp, line 605]
Event: 5.807 Thread 0x0000000002c8e800 Implicit null exception at 0x00000000032821c0 to 0x00000000032829e6
Event: 5.807 Thread 0x0000000002c8e800 Exception <a 'java/lang/NullPointerException'> (0x00000000de4e2a60) thrown at [C:\re\workspace\8-2-build-windows-amd64-cygwin\jdk8u191\11896\hotspot\src\share\vm\runtime\sharedRuntime.cpp, line 605]
Event: 5.808 Thread 0x0000000002c8e800 Implicit null exception at 0x00000000032821c0 to 0x00000000032829e6
Event: 5.808 Thread 0x0000000002c8e800 Exception <a 'java/lang/NullPointerException'> (0x00000000de4e5150) thrown at [C:\re\workspace\8-2-build-windows-amd64-cygwin\jdk8u191\11896\hotspot\src\share\vm\runtime\sharedRuntime.cpp, line 605]
Event: 5.810 Thread 0x0000000002c8e800 Implicit null exception at 0x00000000032821c0 to 0x00000000032829e6
Event: 5.810 Thread 0x0000000002c8e800 Exception <a 'java/lang/NullPointerException'> (0x00000000de50c4b8) thrown at [C:\re\workspace\8-2-build-windows-amd64-cygwin\jdk8u191\11896\hotspot\src\share\vm\runtime\sharedRuntime.cpp, line 605]
Event: 5.813 Thread 0x0000000002c8e800 Implicit null exception at 0x00000000032821c0 to 0x00000000032829e6
Event: 5.813 Thread 0x0000000002c8e800 Exception <a 'java/lang/NullPointerException'> (0x00000000de580f18) thrown at [C:\re\workspace\8-2-build-windows-amd64-cygwin\jdk8u191\11896\hotspot\src\share\vm\runtime\sharedRuntime.cpp, line 605]
Event: 5.890 Thread 0x0000000002c8e800 Exception <a 'java/net/SocketTimeoutException': Read timed out> (0x00000000db358048) thrown at [C:\re\workspace\8-2-build-windows-amd64-cygwin\jdk8u191\11896\hotspot\src\share\vm\prims\jni.cpp, line 735]

Events (10 events):
Event: 5.881 Thread 0x0000000002c8e800 Uncommon trap: trap_request=0xffffff76 fr.pc=0x000000000352d52c
Event: 5.881 Thread 0x0000000002c8e800 DEOPT PACKING pc=0x000000000352d52c sp=0x0000000002c7dbc0
Event: 5.881 Thread 0x0000000002c8e800 DEOPT UNPACKING pc=0x0000000002f3583b sp=0x0000000002c7db90 mode 2
Event: 5.881 Thread 0x0000000002c8e800 Uncommon trap: trap_request=0xffffff76 fr.pc=0x000000000352d52c
Event: 5.881 Thread 0x0000000002c8e800 DEOPT PACKING pc=0x000000000352d52c sp=0x0000000002c7dbc0
Event: 5.881 Thread 0x0000000002c8e800 DEOPT UNPACKING pc=0x0000000002f3583b sp=0x0000000002c7db90 mode 2
Event: 5.881 loading class java/util/Collections$UnmodifiableList$1
Event: 5.882 loading class java/util/Collections$UnmodifiableList$1 done
Event: 5.890 loading class sun/net/ConnectionResetException
Event: 5.890 loading class sun/net/ConnectionResetException done


Dynamic libraries:
0x00007ff7b6a50000 - 0x00007ff7b6a87000 	C:\Program Files\Java\jre1.8.0_191\bin\javaw.exe
0x00007ffd6c180000 - 0x00007ffd6c361000 	C:\Windows\SYSTEM32\ntdll.dll
0x00007ffd6b5a0000 - 0x00007ffd6b652000 	C:\Windows\System32\KERNEL32.DLL
0x00007ffd68f30000 - 0x00007ffd691a3000 	C:\Windows\System32\KERNELBASE.dll
0x00007ffd69d50000 - 0x00007ffd69df1000 	C:\Windows\System32\ADVAPI32.dll
0x00007ffd6b660000 - 0x00007ffd6b6fe000 	C:\Windows\System32\msvcrt.dll
0x00007ffd6bcc0000 - 0x00007ffd6bd1b000 	C:\Windows\System32\sechost.dll
0x00007ffd6bf30000 - 0x00007ffd6c054000 	C:\Windows\System32\RPCRT4.dll
0x00007ffd69780000 - 0x00007ffd69910000 	C:\Windows\System32\USER32.dll
0x00007ffd691b0000 - 0x00007ffd691d0000 	C:\Windows\System32\win32u.dll
0x00007ffd696e0000 - 0x00007ffd69708000 	C:\Windows\System32\GDI32.dll
0x00007ffd69280000 - 0x00007ffd69412000 	C:\Windows\System32\gdi32full.dll
0x00007ffd68e90000 - 0x00007ffd68f2f000 	C:\Windows\System32\msvcp_win.dll
0x00007ffd68630000 - 0x00007ffd6872a000 	C:\Windows\System32\ucrtbase.dll
0x00007ffd567c0000 - 0x00007ffd56a29000 	C:\Windows\WinSxS\amd64_microsoft.windows.common-controls_6595b64144ccf1df_6.0.17134.523_none_fb409dd930672a56\COMCTL32.dll
0x00007ffd699b0000 - 0x00007ffd69cd2000 	C:\Windows\System32\combase.dll
0x00007ffd685b0000 - 0x00007ffd6862a000 	C:\Windows\System32\bcryptPrimitives.dll
0x00007ffd6bc90000 - 0x00007ffd6bcbd000 	C:\Windows\System32\IMM32.DLL
0x0000000069e10000 - 0x0000000069ee2000 	C:\Program Files\Java\jre1.8.0_191\bin\msvcr100.dll
0x0000000069fe0000 - 0x000000006a884000 	C:\Program Files\Java\jre1.8.0_191\bin\server\jvm.dll
0x00007ffd69770000 - 0x00007ffd69778000 	C:\Windows\System32\PSAPI.DLL
0x00007ffd636e0000 - 0x00007ffd636e9000 	C:\Windows\SYSTEM32\WSOCK32.dll
0x00007ffd637d0000 - 0x00007ffd637da000 	C:\Windows\SYSTEM32\VERSION.dll
0x00007ffd6bec0000 - 0x00007ffd6bf2c000 	C:\Windows\System32\WS2_32.dll
0x00007ffd67080000 - 0x00007ffd670a3000 	C:\Windows\SYSTEM32\WINMM.dll
0x00007ffd67050000 - 0x00007ffd6707a000 	C:\Windows\SYSTEM32\WINMMBASE.dll
0x00007ffd68730000 - 0x00007ffd68779000 	C:\Windows\System32\cfgmgr32.dll
0x0000000069fd0000 - 0x0000000069fdf000 	C:\Program Files\Java\jre1.8.0_191\bin\verify.dll
0x0000000069fa0000 - 0x0000000069fc9000 	C:\Program Files\Java\jre1.8.0_191\bin\java.dll
0x0000000069de0000 - 0x0000000069e03000 	C:\Program Files\Java\jre1.8.0_191\bin\instrument.dll
0x0000000069f80000 - 0x0000000069f96000 	C:\Program Files\Java\jre1.8.0_191\bin\zip.dll
0x00007ffd6a160000 - 0x00007ffd6b5a0000 	C:\Windows\System32\SHELL32.dll
0x00007ffd6b720000 - 0x00007ffd6b7c9000 	C:\Windows\System32\shcore.dll
0x00007ffd68780000 - 0x00007ffd68e8d000 	C:\Windows\System32\windows.storage.dll
0x00007ffd69710000 - 0x00007ffd69761000 	C:\Windows\System32\shlwapi.dll
0x00007ffd68510000 - 0x00007ffd68521000 	C:\Windows\System32\kernel.appcore.dll
0x00007ffd68530000 - 0x00007ffd6854f000 	C:\Windows\System32\profapi.dll
0x00007ffd684a0000 - 0x00007ffd684ec000 	C:\Windows\System32\powrprof.dll
0x00007ffd68490000 - 0x00007ffd6849a000 	C:\Windows\System32\FLTLIB.DLL
0x0000000069f60000 - 0x0000000069f7a000 	C:\Program Files\Java\jre1.8.0_191\bin\net.dll
0x00007ffd67d10000 - 0x00007ffd67d76000 	C:\Windows\system32\mswsock.dll
0x00007ffd5d120000 - 0x00007ffd5d136000 	C:\Windows\system32\napinsp.dll
0x00007ffd5d100000 - 0x00007ffd5d11a000 	C:\Windows\system32\pnrpnsp.dll
0x00007ffd64cf0000 - 0x00007ffd64d09000 	C:\Windows\system32\NLAapi.dll
0x00007ffd67ad0000 - 0x00007ffd67b8e000 	C:\Windows\SYSTEM32\DNSAPI.dll
0x00007ffd6b830000 - 0x00007ffd6b838000 	C:\Windows\System32\NSI.dll
0x00007ffd67a90000 - 0x00007ffd67ac8000 	C:\Windows\SYSTEM32\IPHLPAPI.DLL
0x00007ffd5d0f0000 - 0x00007ffd5d0fe000 	C:\Windows\System32\winrnr.dll
0x00007ffd5fa90000 - 0x00007ffd5fa9a000 	C:\Windows\System32\rasadhlp.dll
0x00007ffd5fe40000 - 0x00007ffd5feb2000 	C:\Windows\System32\fwpuclnt.dll
0x00007ffd67ff0000 - 0x00007ffd68015000 	C:\Windows\SYSTEM32\bcrypt.dll
0x00007ffd67ec0000 - 0x00007ffd67ed7000 	C:\Windows\SYSTEM32\CRYPTSP.dll
0x00007ffd678f0000 - 0x00007ffd67923000 	C:\Windows\system32\rsaenh.dll
0x00007ffd683c0000 - 0x00007ffd683e8000 	C:\Windows\SYSTEM32\USERENV.dll
0x00007ffd67ee0000 - 0x00007ffd67eeb000 	C:\Windows\SYSTEM32\CRYPTBASE.dll
0x00007ffd61d20000 - 0x00007ffd61d36000 	C:\Windows\SYSTEM32\dhcpcsvc6.DLL
0x00007ffd62b80000 - 0x00007ffd62b9a000 	C:\Windows\SYSTEM32\dhcpcsvc.DLL
0x0000000069f40000 - 0x0000000069f51000 	C:\Program Files\Java\jre1.8.0_191\bin\nio.dll
0x0000000069f10000 - 0x0000000069f34000 	C:\Program Files\Java\jre1.8.0_191\bin\sunec.dll
0x00007ffd5e9e0000 - 0x00007ffd5eba9000 	C:\Windows\SYSTEM32\dbghelp.dll

VM Arguments:
jvm_args: -ea -javaagent:C:\Users\admin\Downloads\eclipse\configuration\org.eclipse.osgi\981\0\.cp\jacocoagent.jar=includes=*,excludes=,exclclassloader=sun.reflect.DelegatingClassLoader,output=tcpclient,port=61299 -Dfile.encoding=Cp1252 
java_command: org.testng.remote.RemoteTestNG -serport 61300 -protocol json -d E:\DRC -Qa\DRC-Automation\test-output C:\Users\admin\AppData\Local\Temp\testng-eclipse--1519052580\testng-customsuite.xml
java_class_path (initial): C:\Users\admin\Downloads\eclipse\configuration\org.eclipse.osgi\1019\0\.cp\lib\testng-remote.jar;C:\Program Files\Java\jre1.8.0_191\lib\resources.jar;C:\Program Files\Java\jre1.8.0_191\lib\rt.jar;C:\Program Files\Java\jre1.8.0_191\lib\jsse.jar;C:\Program Files\Java\jre1.8.0_191\lib\jce.jar;C:\Program Files\Java\jre1.8.0_191\lib\charsets.jar;C:\Program Files\Java\jre1.8.0_191\lib\jfr.jar;C:\Program Files\Java\jre1.8.0_191\lib\ext\access-bridge-64.jar;C:\Program Files\Java\jre1.8.0_191\lib\ext\cldrdata.jar;C:\Program Files\Java\jre1.8.0_191\lib\ext\dnsns.jar;C:\Program Files\Java\jre1.8.0_191\lib\ext\jaccess.jar;C:\Program Files\Java\jre1.8.0_191\lib\ext\jfxrt.jar;C:\Program Files\Java\jre1.8.0_191\lib\ext\localedata.jar;C:\Program Files\Java\jre1.8.0_191\lib\ext\nashorn.jar;C:\Program Files\Java\jre1.8.0_191\lib\ext\sunec.jar;C:\Program Files\Java\jre1.8.0_191\lib\ext\sunjce_provider.jar;C:\Program Files\Java\jre1.8.0_191\lib\ext\sunmscapi.jar;C:\Program Files\Java\jre1.8.0_191\lib\ext\sunpkcs11.jar;C:\Program Files\Java\jre1.8.0_191\lib\ext\zipfs.jar;E:\DRC -Qa\DRC-Automation\target\test-classes;E:\DRC -Qa\DRC-Automation\target\classes;C:\Users\admin\.m2\repository\info\cukes\cucumber-core\1.2.5\cucumber-core-1.2.5.jar;C:\Users\admin\.m2\repository\info\cukes\cucumber-html\0.2.3\cucumber-html-0.2.3.jar;C:\Users\admin\.m2\repository\com\aventstack\extentreports\3.1.5\extentreports-3.1.5.jar;C:\Users\admin\.m2\repository\org\freemarker\freemarker\2.3.23\freemarker-2.3.23.jar;C:\Users\admin\.m2\repository\org\mongodb\mongodb-driver\3.3.0\mongodb-driver-3.3.0.jar;C:\Users\admin\.m2\repository\org\mongodb\bson\3.3.0\bson-3.3.0.jar;C:\Users\admin\.m2\repository\org\mongodb\mongodb-driver-core\3.3.0\mongodb-driver-core-3.3.0.jar;C:\Users\admin\.m2\repository\org\apache\httpcomponents\httpclient\4.5.2\httpclient-4.5.2.jar;C:\Users\admin\.m2\repository\org\apache\httpcomponents\httpmime\4.5.2\httpmime-4.5.2.jar;C:\Users\admin\.m2\repository\org\j
Launcher Type: SUN_STANDARD

Environment Variables:
PATH=C:/Program Files/Java/jre1.8.0_191/bin/server;C:/Program Files/Java/jre1.8.0_191/bin;C:/Program Files/Java/jre1.8.0_191/lib/amd64;C:\Program Files (x86)\Common Files\Oracle\Java\javapath;C:\Windows\system32;C:\Windows;C:\Windows\System32\Wbem;C:\Windows\System32\WindowsPowerShell\v1.0\;C:\Windows\System32\OpenSSH\;C:\Program Files\dotnet\;C:\Program Files (x86)\dotnet\;C:\Program Files\Microsoft\Web Platform Installer\;E:\apache-maven-3.6.0\bin\;C:\Program Files\Microsoft SQL Server\Client SDK\ODBC\130\Tools\Binn\;C:\Program Files (x86)\Microsoft SQL Server\130\Tools\Binn\;C:\Program Files\Microsoft SQL Server\130\Tools\Binn\;C:\Program Files\Microsoft SQL Server\130\DTS\Binn\;C:\Program Files (x86)\Microsoft SQL Server\Client SDK\ODBC\130\Tools\Binn\;C:\Program Files (x86)\Microsoft SQL Server\140\Tools\Binn\;C:\Program Files (x86)\Microsoft SQL Server\140\DTS\Binn\;C:\Program Files (x86)\Microsoft SQL Server\140\Tools\Binn\ManagementStudio\;C:\Users\admin\AppData\Local\Microsoft\WindowsApps;E:\apache-maven-3.6.0\bin\;;C:\Users\admin\Downloads\eclipse;
USERNAME=admin
OS=Windows_NT
PROCESSOR_IDENTIFIER=AMD64 Family 21 Model 56 Stepping 1, AuthenticAMD



---------------  S Y S T E M  ---------------

OS: Windows 10.0 , 64 bit Build 17134 (10.0.17134.1)

CPU:total 4 (initial active 4) (4 cores per cpu, 1 threads per core) family 21 model 56 stepping 1, cmov, cx8, fxsr, mmx, sse, sse2, sse3, ssse3, sse4.1, sse4.2, popcnt, avx, aes, clmul, mmxext, 3dnowpref, lzcnt, sse4a, tsc, tscinvbit, tscinv, bmi1

Memory: 4k page, physical 7285756k(1429688k free), swap 10448928k(1711452k free)

vm_info: Java HotSpot(TM) 64-Bit Server VM (25.191-b12) for windows-amd64 JRE (1.8.0_191-b12), built on Oct  6 2018 09:29:03 by "java_re" with MS VC++ 10.0 (VS2010)

time: Fri Jan 18 17:16:12 2019
elapsed time: 6 seconds (0d 0h 0m 6s)

